<?xml version="1.0" encoding="UTF-8"?>
<!-- Generated by org.testng.reporters.JUnitReportReporter -->
<testsuite hostname="IamRohit" failures="0" tests="1" name="com.qa.test.CreateAccountTest" time="11.634" errors="0" timestamp="04 Jun 2023 19:09:19 GMT" skipped="0">
  <testcase classname="com.qa.test.CreateAccountTest" name="createAccount" time="11.634"/>
</testsuite> <!-- com.qa.test.CreateAccountTest -->
