<?xml version="1.0" encoding="UTF-8"?>
<!-- Generated by org.testng.reporters.JUnitReportReporter -->
<testsuite hostname="DESKTOP-167BDR5" failures="0" tests="1" name="com.qa.test.login" time="29.870" errors="0" timestamp="26 Sep 2024 05:51:01 GMT" skipped="0">
  <testcase classname="com.qa.test.login" name="logintest" time="29.870"/>
</testsuite> <!-- com.qa.test.login -->
