<?xml version="1.0" encoding="UTF-8"?>
<!-- Generated by org.testng.reporters.JUnitReportReporter -->
<testsuite hostname="IamRohit" failures="0" tests="1" name="com.qa.test.RegistrationTest" time="8.486" errors="0" timestamp="13 Apr 2023 19:01:34 GMT" skipped="0">
  <testcase classname="com.qa.test.RegistrationTest" name="openUrl" time="8.486"/>
</testsuite> <!-- com.qa.test.RegistrationTest -->
